c:\users\s189064\documents\github\rayunity\hstk\hstk\x64\debug\vc141.pdb
c:\users\s189064\documents\github\rayunity\hstk\hstk\x64\debug\vc141.idb
c:\users\s189064\documents\github\rayunity\hstk\hstk\x64\debug\getpointertosharedmemory.obj
c:\users\s189064\documents\github\rayunity\hstk\hstk\x64\debug\components.obj
c:\users\s189064\documents\github\rayunity\hstk\hstk\x64\debug\main.obj
c:\users\s189064\documents\github\rayunity\hstk\hstk\x64\debug\main.new.obj.enc
c:\users\s189064\documents\github\rayunity\hstk\\..\..\raytest1\hstk.pdb
c:\users\s189064\documents\github\rayunity\hstk\hstk\x64\debug\hstk.tlog\cl.command.1.tlog
c:\users\s189064\documents\github\rayunity\hstk\hstk\x64\debug\hstk.tlog\cl.read.1.tlog
c:\users\s189064\documents\github\rayunity\hstk\hstk\x64\debug\hstk.tlog\cl.write.1.tlog
c:\users\s189064\documents\github\rayunity\hstk\hstk\x64\debug\hstk.tlog\link-cvtres.read.1.tlog
c:\users\s189064\documents\github\rayunity\hstk\hstk\x64\debug\hstk.tlog\link-cvtres.write.1.tlog
c:\users\s189064\documents\github\rayunity\hstk\hstk\x64\debug\hstk.tlog\link-rc.read.1.tlog
c:\users\s189064\documents\github\rayunity\hstk\hstk\x64\debug\hstk.tlog\link-rc.write.1.tlog
c:\users\s189064\documents\github\rayunity\hstk\hstk\x64\debug\hstk.tlog\link.7740-cvtres.read.1.tlog
c:\users\s189064\documents\github\rayunity\hstk\hstk\x64\debug\hstk.tlog\link.7740-cvtres.write.1.tlog
c:\users\s189064\documents\github\rayunity\hstk\hstk\x64\debug\hstk.tlog\link.7740-rc.read.1.tlog
c:\users\s189064\documents\github\rayunity\hstk\hstk\x64\debug\hstk.tlog\link.7740-rc.write.1.tlog
c:\users\s189064\documents\github\rayunity\hstk\hstk\x64\debug\hstk.tlog\link.7740.read.1.tlog
c:\users\s189064\documents\github\rayunity\hstk\hstk\x64\debug\hstk.tlog\link.7740.write.1.tlog
c:\users\s189064\documents\github\rayunity\hstk\hstk\x64\debug\hstk.tlog\link.command.1.tlog
c:\users\s189064\documents\github\rayunity\hstk\hstk\x64\debug\hstk.tlog\link.read.1.tlog
c:\users\s189064\documents\github\rayunity\hstk\hstk\x64\debug\hstk.tlog\link.write.1.tlog
